{
  "RSpec": {
    "coverage": {
      "/Users/macbook/Desktop/inventory_backend/app/controllers/api/v1/auth_controller.rb": {
        "lines": [
          1,
          1,
          null,
          1,
          null,
          1,
          1,
          null,
          1,
          null,
          null,
          1,
          null,
          1,
          3,
          null,
          3,
          null,
          null,
          1,
          2,
          null,
          null
        ],
        "branches": {
          "[:if, 0, 17, 4, 17, 67]": {
            "[:then, 1, 17, 4, 17, 51]": 1,
            "[:else, 2, 17, 4, 17, 67]": 2
          },
          "[:unless, 3, 21, 4, 21, 99]": {
            "[:else, 4, 21, 4, 21, 99]": 1,
            "[:then, 5, 21, 4, 21, 54]": 1
          }
        }
      },
      "/Users/macbook/Desktop/inventory_backend/app/controllers/application_controller.rb": {
        "lines": [
          1,
          1,
          null,
          1,
          1,
          null,
          null,
          1,
          21,
          null,
          null,
          1,
          11,
          null,
          10,
          null,
          null,
          10,
          1,
          1,
          null,
          null,
          null,
          1,
          11,
          null,
          11,
          null,
          9,
          null,
          null,
          1,
          11,
          null,
          null,
          1,
          11,
          null,
          null,
          1,
          18,
          null,
          null
        ],
        "branches": {
          "[:unless, 0, 13, 4, 13, 29]": {
            "[:else, 1, 13, 4, 13, 29]": 10,
            "[:then, 2, 13, 4, 13, 10]": 1
          },
          "[:\"&.\", 3, 27, 18, 27, 38]": {
            "[:then, 4, 27, 18, 27, 38]": 10,
            "[:else, 5, 27, 18, 27, 38]": 1
          },
          "[:if, 6, 27, 4, 27, 59]": {
            "[:then, 7, 27, 4, 27, 14]": 2,
            "[:else, 8, 27, 4, 27, 59]": 9
          },
          "[:unless, 9, 37, 4, 37, 83]": {
            "[:else, 10, 37, 4, 37, 83]": 9,
            "[:then, 11, 37, 4, 37, 65]": 2
          }
        }
      },
      "/Users/macbook/Desktop/inventory_backend/spec/controllers/api/v1/inventories_controller_spec.rb": {
        "lines": [
          1,
          null,
          1,
          2,
          2,
          null,
          1,
          1,
          null,
          null,
          1,
          1,
          1,
          1,
          null,
          1,
          null,
          1,
          null,
          1,
          1,
          null,
          null,
          1,
          1,
          null,
          1,
          null,
          1,
          null,
          1,
          1,
          null,
          null,
          null,
          1,
          1,
          1,
          null,
          1,
          null,
          1,
          null,
          1,
          1,
          null,
          null,
          1,
          1,
          null,
          1,
          null,
          1,
          null,
          1,
          null,
          null,
          1,
          1,
          null,
          1,
          null,
          1,
          null,
          null,
          1,
          1,
          null,
          1,
          null,
          1,
          null,
          1,
          null,
          1,
          1,
          null,
          null,
          null,
          1,
          1,
          1,
          null,
          1,
          null,
          1,
          null,
          1,
          null,
          1,
          null,
          1,
          1,
          null,
          null,
          1,
          1,
          null,
          1,
          null,
          1,
          null,
          1,
          null,
          1,
          1,
          null,
          null,
          null,
          1,
          1,
          1,
          null,
          1,
          null,
          1,
          null,
          1,
          1,
          null,
          null,
          1,
          1,
          null,
          1,
          null,
          1,
          null,
          1,
          null,
          1,
          1,
          null,
          null,
          1,
          1,
          null,
          1,
          null,
          1,
          null,
          1,
          null,
          null,
          null,
          null
        ],
        "branches": {
        }
      },
      "/Users/macbook/Desktop/inventory_backend/app/controllers/api/v1/inventories_controller.rb": {
        "lines": [
          1,
          1,
          1,
          null,
          1,
          1,
          null,
          null,
          null,
          null,
          null,
          1,
          2,
          null,
          2,
          1,
          null,
          1,
          null,
          null,
          null,
          1,
          2,
          1,
          null,
          1,
          null,
          null,
          null,
          1,
          2,
          1,
          null,
          1,
          null,
          null,
          null,
          1,
          null,
          1,
          5,
          null,
          5,
          null,
          null,
          1,
          4,
          4,
          null,
          null,
          null,
          1,
          2,
          null,
          2,
          null,
          null
        ],
        "branches": {
          "[:if, 0, 15, 4, 19, 7]": {
            "[:then, 1, 16, 6, 16, 29]": 1,
            "[:else, 2, 18, 6, 18, 82]": 1
          },
          "[:if, 3, 23, 4, 27, 7]": {
            "[:then, 4, 24, 6, 24, 29]": 1,
            "[:else, 5, 26, 6, 26, 82]": 1
          },
          "[:if, 6, 31, 4, 35, 7]": {
            "[:then, 7, 32, 6, 32, 29]": 1,
            "[:else, 8, 34, 6, 34, 82]": 1
          },
          "[:unless, 9, 43, 4, 43, 79]": {
            "[:else, 10, 43, 4, 43, 79]": 4,
            "[:then, 11, 43, 4, 43, 52]": 1
          },
          "[:if, 12, 53, 4, 53, 123]": {
            "[:then, 13, 53, 4, 53, 71]": 1,
            "[:else, 14, 53, 4, 53, 123]": 1
          }
        }
      },
      "/Users/macbook/Desktop/inventory_backend/spec/model/inventory_spec.rb": {
        "lines": [
          1,
          null,
          1,
          2,
          null,
          1,
          1,
          null,
          null,
          1,
          2,
          null,
          null,
          1,
          2,
          2,
          2,
          2,
          2,
          2,
          2,
          null,
          null
        ],
        "branches": {
        }
      },
      "/Users/macbook/Desktop/inventory_backend/app/models/inventory.rb": {
        "lines": [
          1,
          1,
          null,
          1,
          1,
          1,
          1,
          1,
          1,
          1,
          null,
          1,
          null,
          1,
          null,
          1,
          3,
          3,
          null,
          null
        ],
        "branches": {
          "[:if, 0, 17, 9, 17, 77]": {
            "[:then, 1, 17, 42, 17, 43]": 2,
            "[:else, 2, 17, 46, 17, 77]": 1
          }
        }
      },
      "/Users/macbook/Desktop/inventory_backend/app/models/application_record.rb": {
        "lines": [
          1,
          1,
          null
        ],
        "branches": {
        }
      },
      "/Users/macbook/Desktop/inventory_backend/spec/model/user_spec.rb": {
        "lines": [
          1,
          null,
          1,
          1,
          2,
          null,
          null
        ],
        "branches": {
        }
      },
      "/Users/macbook/Desktop/inventory_backend/app/models/User.rb": {
        "lines": [
          1,
          1,
          null,
          1,
          null
        ],
        "branches": {
        }
      },
      "/Users/macbook/Desktop/inventory_backend/app/serializers/inventory_serializer.rb": {
        "lines": [
          1,
          1,
          null,
          1,
          4,
          null,
          null
        ],
        "branches": {
        }
      }
    },
    "timestamp": 1629465168
  }
}
